-------------------------------------------------------------------------------
Test set: com.hackday.quota.service.InMemoryQuotaServiceTest
-------------------------------------------------------------------------------
Tests run: 9, Failures: 1, Errors: 0, Skipped: 0, Time elapsed: 1.186 s <<< FAILURE! -- in com.hackday.quota.service.InMemoryQuotaServiceTest
com.hackday.quota.service.InMemoryQuotaServiceTest.testQuotaEnforcement -- Time elapsed: 0.040 s <<< FAILURE!
org.opentest4j.AssertionFailedError: expected: <5> but was: <6>
	at org.junit.jupiter.api.AssertionFailureBuilder.build(AssertionFailureBuilder.java:151)
	at org.junit.jupiter.api.AssertionFailureBuilder.buildAndThrow(AssertionFailureBuilder.java:132)
	at org.junit.jupiter.api.AssertEquals.failNotEqual(AssertEquals.java:197)
	at org.junit.jupiter.api.AssertEquals.assertEquals(AssertEquals.java:166)
	at org.junit.jupiter.api.AssertEquals.assertEquals(AssertEquals.java:161)
	at org.junit.jupiter.api.Assertions.assertEquals(Assertions.java:632)
	at com.hackday.quota.service.InMemoryQuotaServiceTest.testQuotaEnforcement(InMemoryQuotaServiceTest.java:68)
	at java.base/java.lang.reflect.Method.invoke(Method.java:569)
	at java.base/java.util.ArrayList.forEach(ArrayList.java:1511)
	at java.base/java.util.ArrayList.forEach(ArrayList.java:1511)

